Using pre-set license
Built from '2021.3/staging' branch; Version is '2021.3.10f1 (1c7d0df0160b) revision 1867021'; Using compiler version '192829333'; Build Type 'Release'
OS: 'Windows 10  (10.0.17134) 64bit Core' Language: 'en' Physical Memory: 32629 MB
BatchMode: 1, IsHumanControllingUs: 0, StartBugReporterOnCrash: 0, Is64bit: 1, IsPro: 1

COMMAND LINE ARGUMENTS:
C:\Program Files\Unity\Hub\Editor\2021.3.10f1\Editor\Unity.exe
-adb2
-batchMode
-noUpm
-name
AssetImportWorker1
-projectPath
C:/Users/Anand Kujur/Documents/GitHub/SFNT_Desktop-master
-logFile
Logs/AssetImportWorker1.log
-srvPort
51580
Successfully changed project path to: C:/Users/Anand Kujur/Documents/GitHub/SFNT_Desktop-master
C:/Users/Anand Kujur/Documents/GitHub/SFNT_Desktop-master
[UnityMemory] Configuration Parameters - Can be set up in boot.config
    "memorysetup-bucket-allocator-granularity=16"
    "memorysetup-bucket-allocator-bucket-count=8"
    "memorysetup-bucket-allocator-block-size=33554432"
    "memorysetup-bucket-allocator-block-count=8"
    "memorysetup-main-allocator-block-size=16777216"
    "memorysetup-thread-allocator-block-size=16777216"
    "memorysetup-gfx-main-allocator-block-size=16777216"
    "memorysetup-gfx-thread-allocator-block-size=16777216"
    "memorysetup-cache-allocator-block-size=4194304"
    "memorysetup-typetree-allocator-block-size=2097152"
    "memorysetup-profiler-bucket-allocator-granularity=16"
    "memorysetup-profiler-bucket-allocator-bucket-count=8"
    "memorysetup-profiler-bucket-allocator-block-size=33554432"
    "memorysetup-profiler-bucket-allocator-block-count=8"
    "memorysetup-profiler-allocator-block-size=16777216"
    "memorysetup-profiler-editor-allocator-block-size=1048576"
    "memorysetup-temp-allocator-size-main=16777216"
    "memorysetup-job-temp-allocator-block-size=2097152"
    "memorysetup-job-temp-allocator-block-size-background=1048576"
    "memorysetup-job-temp-allocator-reduction-small-platforms=262144"
    "memorysetup-temp-allocator-size-background-worker=32768"
    "memorysetup-temp-allocator-size-job-worker=262144"
    "memorysetup-temp-allocator-size-preload-manager=33554432"
    "memorysetup-temp-allocator-size-nav-mesh-worker=65536"
    "memorysetup-temp-allocator-size-audio-worker=65536"
    "memorysetup-temp-allocator-size-cloud-worker=32768"
    "memorysetup-temp-allocator-size-gi-baking-worker=262144"
    "memorysetup-temp-allocator-size-gfx=262144"
Assets/FBX_safetyGear_pack/fence/source/40/040_AR.c4d: Unity no longer supports importing Cinema 4D files directly, but we're working with Maxon to make the experience better. To import Cinema 4D files, install Maxon's external importer. You can find more information on the Unity Forum: https://on.unity.com/c4d.

Please note that FBX files exported from Cinema4D are still supported.
Refreshing native plugins compatible for Editor in 107.02 ms, found 3 plugins.
Preloading 0 native plugins for Editor in 0.00 ms.
Initialize engine version: 2021.3.10f1 (1c7d0df0160b)
[Subsystems] Discovering subsystems at path C:/Program Files/Unity/Hub/Editor/2021.3.10f1/Editor/Data/Resources/UnitySubsystems
[Subsystems] Discovering subsystems at path C:/Users/Anand Kujur/Documents/GitHub/SFNT_Desktop-master/Assets
GfxDevice: creating device client; threaded=0; jobified=0
Direct3D:
    Version:  Direct3D 11.0 [level 11.0]
    Renderer: NVIDIA GeForce GTX 960M (ID=0x139b)
    Vendor:   NVIDIA
    VRAM:     2008 MB
    Driver:   31.0.15.2647
Initialize mono
Mono path[0] = 'C:/Program Files/Unity/Hub/Editor/2021.3.10f1/Editor/Data/Managed'
Mono path[1] = 'C:/Program Files/Unity/Hub/Editor/2021.3.10f1/Editor/Data/MonoBleedingEdge/lib/mono/unityjit-win32'
Mono config path = 'C:/Program Files/Unity/Hub/Editor/2021.3.10f1/Editor/Data/MonoBleedingEdge/etc'
Using monoOptions --debugger-agent=transport=dt_socket,embedding=1,server=y,suspend=n,address=127.0.0.1:56620
Begin MonoManager ReloadAssembly
Registering precompiled unity dll's ...
Register platform support module: C:/Program Files/Unity/Hub/Editor/2021.3.10f1/Editor/Data/PlaybackEngines/AndroidPlayer/UnityEditor.Android.Extensions.dll
Register platform support module: C:/Program Files/Unity/Hub/Editor/2021.3.10f1/Editor/Data/PlaybackEngines/WindowsStandaloneSupport/UnityEditor.WindowsStandalone.Extensions.dll
Register platform support module: C:/Program Files/Unity/Hub/Editor/2021.3.10f1/Editor/Data/PlaybackEngines/MetroSupport/UnityEditor.UWP.Extensions.dll
Registered in 0.012156 seconds.
Native extension for UWP target not found
Native extension for WindowsStandalone target not found
Native extension for Android target not found
Assets/FBX_safetyGear_pack/fence/source/40/040_AR.c4d: Unity no longer supports importing Cinema 4D files directly, but we're working with Maxon to make the experience better. To import Cinema 4D files, install Maxon's external importer. You can find more information on the Unity Forum: https://on.unity.com/c4d.

Please note that FBX files exported from Cinema4D are still supported.
Refreshing native plugins compatible for Editor in 102.23 ms, found 3 plugins.
Preloading 0 native plugins for Editor in 0.00 ms.
Mono: successfully reloaded assembly
- Completed reload, in  1.089 seconds
Domain Reload Profiling:
	ReloadAssembly (1090ms)
		BeginReloadAssembly (124ms)
			ExecutionOrderSort (0ms)
			DisableScriptedObjects (0ms)
			BackupInstance (0ms)
			ReleaseScriptingObjects (0ms)
			CreateAndSetChildDomain (1ms)
		EndReloadAssembly (784ms)
			LoadAssemblies (119ms)
			RebuildTransferFunctionScriptingTraits (0ms)
			SetupTypeCache (188ms)
			ReleaseScriptCaches (0ms)
			RebuildScriptCaches (51ms)
			SetupLoadedEditorAssemblies (449ms)
				LogAssemblyErrors (0ms)
				InitializePlatformSupportModulesInManaged (103ms)
				SetLoadedEditorAssemblies (4ms)
				RefreshPlugins (102ms)
				BeforeProcessingInitializeOnLoad (2ms)
				ProcessInitializeOnLoadAttributes (162ms)
				ProcessInitializeOnLoadMethodAttributes (76ms)
				AfterProcessingInitializeOnLoad (0ms)
				EditorAssembliesLoaded (0ms)
			ExecutionOrderSort2 (0ms)
			AwakeInstancesAfterBackupRestoration (0ms)
Platform modules already initialized, skipping
Registering precompiled user dll's ...
Registered in 0.011053 seconds.
Begin MonoManager ReloadAssembly
Native extension for UWP target not found
Native extension for WindowsStandalone target not found
Native extension for Android target not found
Refreshing native plugins compatible for Editor in 1.43 ms, found 3 plugins.
Preloading 0 native plugins for Editor in 0.00 ms.
Mono: successfully reloaded assembly
- Completed reload, in  1.537 seconds
Domain Reload Profiling:
	ReloadAssembly (1539ms)
		BeginReloadAssembly (306ms)
			ExecutionOrderSort (0ms)
			DisableScriptedObjects (13ms)
			BackupInstance (0ms)
			ReleaseScriptingObjects (0ms)
			CreateAndSetChildDomain (130ms)
		EndReloadAssembly (1046ms)
			LoadAssemblies (139ms)
			RebuildTransferFunctionScriptingTraits (0ms)
			SetupTypeCache (320ms)
			ReleaseScriptCaches (1ms)
			RebuildScriptCaches (67ms)
			SetupLoadedEditorAssemblies (476ms)
				LogAssemblyErrors (0ms)
				InitializePlatformSupportModulesInManaged (24ms)
				SetLoadedEditorAssemblies (1ms)
				RefreshPlugins (2ms)
				BeforeProcessingInitializeOnLoad (97ms)
				ProcessInitializeOnLoadAttributes (299ms)
				ProcessInitializeOnLoadMethodAttributes (39ms)
				AfterProcessingInitializeOnLoad (15ms)
				EditorAssembliesLoaded (0ms)
			ExecutionOrderSort2 (0ms)
			AwakeInstancesAfterBackupRestoration (9ms)
Platform modules already initialized, skipping
Assets/FBX_safetyGear_pack/fence/source/40/040_AR.c4d: Unity no longer supports importing Cinema 4D files directly, but we're working with Maxon to make the experience better. To import Cinema 4D files, install Maxon's external importer. You can find more information on the Unity Forum: https://on.unity.com/c4d.

Please note that FBX files exported from Cinema4D are still supported.
========================================================================
Worker process is ready to serve import requests
Assets/FBX_safetyGear_pack/fence/source/40/040_AR.c4d: Unity no longer supports importing Cinema 4D files directly, but we're working with Maxon to make the experience better. To import Cinema 4D files, install Maxon's external importer. You can find more information on the Unity Forum: https://on.unity.com/c4d.

Please note that FBX files exported from Cinema4D are still supported.
Launched and connected shader compiler UnityShaderCompiler.exe after 0.06 seconds
Refreshing native plugins compatible for Editor in 1.08 ms, found 3 plugins.
Preloading 0 native plugins for Editor in 0.00 ms.
Unloading 2036 Unused Serialized files (Serialized files now loaded: 0)
Unloading 22 unused Assets / (57.4 KB). Loaded Objects now: 2530.
Memory consumption went from 180.7 MB to 180.7 MB.
Total: 5.285125 ms (FindLiveObjects: 0.346864 ms CreateObjectMapping: 0.280098 ms MarkObjects: 4.511201 ms  DeleteObjects: 0.146173 ms)

AssetImportParameters requested are different than current active one (requested -> active):
  custom:video-decoder-ogg-theora: a1e56fd34408186e4bbccfd4996cb3dc -> 
  custom:container-muxer-webm: aa71ff27fc2769a1b78a27578f13a17b -> 
  custom:container-demuxer-webm: 4f35f7cbe854078d1ac9338744f61a02 -> 
  custom:video-encoder-webm-vp8: eb34c28f22e8b96e1ab97ce403110664 -> 
  custom:video-codec-MediaFoundation-h265: 746d11721c4dcdbdad8f713fa42b33f4 -> 
  custom:audio-encoder-webm-vorbis: bf7c407c2cedff20999df2af8eb42d56 -> 
  custom:framework-win-MediaFoundation: 216162199b28c13a410421893ffa2e32 -> 
  custom:container-demuxer-ogg: 62fdf1f143b41e24485cea50d1cbac27 -> 
  custom:video-decoder-webm-vp8: 9c59270c3fd7afecdb556c50c9e8de78 -> 
  custom:audio-decoder-ogg-vorbis: bf7c407c2cedff20999df2af8eb42d56 -> 
========================================================================
Received Import Request.
  Time since last request: 64255.894514 seconds.
  path: Assets/FBX_safetyGear_pack/Hardhat_NM.jpg
  artifactKey: Guid(628fdbaa8e7004a66accae9227d50a46) Importer(815301076,1909f56bfc062723c751e8b465ee728b)
Start importing Assets/FBX_safetyGear_pack/Hardhat_NM.jpg using Guid(628fdbaa8e7004a66accae9227d50a46) Importer(815301076,1909f56bfc062723c751e8b465ee728b)  -> (artifact id: 'fc1798c423e067d43a6f738d49a22855') in 0.175515 seconds 
========================================================================
Received Import Request.
  Time since last request: 0.000056 seconds.
  path: Assets/FBX_safetyGear_pack/boot_Oliver2_DIF.jpg
  artifactKey: Guid(56592e4dc21994fc39b26cb8d63f9b43) Importer(815301076,1909f56bfc062723c751e8b465ee728b)
Start importing Assets/FBX_safetyGear_pack/boot_Oliver2_DIF.jpg using Guid(56592e4dc21994fc39b26cb8d63f9b43) Importer(815301076,1909f56bfc062723c751e8b465ee728b)  -> (artifact id: '06f01a0034012c050c2cc5bb7d1463b9') in 0.027315 seconds 
========================================================================
Received Import Request.
  Time since last request: 0.000088 seconds.
  path: Assets/FBX_safetyGear_pack/Hardhat_DIF.jpg
  artifactKey: Guid(5a1d3b623d83e41babdba320afea580e) Importer(815301076,1909f56bfc062723c751e8b465ee728b)
Start importing Assets/FBX_safetyGear_pack/Hardhat_DIF.jpg using Guid(5a1d3b623d83e41babdba320afea580e) Importer(815301076,1909f56bfc062723c751e8b465ee728b)  -> (artifact id: 'c1ca6d6c07435e2702cc503b67affeec') in 0.018020 seconds 
========================================================================
Received Import Request.
  Time since last request: 0.000079 seconds.
  path: Assets/FBX_safetyGear_pack/Hi_Vis_Vest.fbx
  artifactKey: Guid(658a46a59c706d44b92baf416795021e) Importer(815301076,1909f56bfc062723c751e8b465ee728b)
Start importing Assets/FBX_safetyGear_pack/Hi_Vis_Vest.fbx using Guid(658a46a59c706d44b92baf416795021e) Importer(815301076,1909f56bfc062723c751e8b465ee728b)  -> (artifact id: 'd9f9e45689d9f5d5191572ef92a07cb7') in 0.191919 seconds 
========================================================================
Received Import Request.
  Time since last request: 0.000036 seconds.
  path: Assets/FBX_safetyGear_pack/SafetyBoots.fbx
  artifactKey: Guid(4d7882d3a6cf4534882a7545e4b0c60e) Importer(815301076,1909f56bfc062723c751e8b465ee728b)
Start importing Assets/FBX_safetyGear_pack/SafetyBoots.fbx using Guid(4d7882d3a6cf4534882a7545e4b0c60e) Importer(815301076,1909f56bfc062723c751e8b465ee728b)  -> (artifact id: '014577803902075fc60e156c12fbe1c6') in 0.074206 seconds 
========================================================================
Received Import Request.
  Time since last request: 0.000045 seconds.
  path: Assets/FBX_safetyGear_pack/HardHat_A_NM.jpg
  artifactKey: Guid(4b79e994cd71b42a08e76113eb95a5c2) Importer(815301076,1909f56bfc062723c751e8b465ee728b)
Start importing Assets/FBX_safetyGear_pack/HardHat_A_NM.jpg using Guid(4b79e994cd71b42a08e76113eb95a5c2) Importer(815301076,1909f56bfc062723c751e8b465ee728b)  -> (artifact id: 'da62cf23598bd04a67f9052936ad58f9') in 0.026732 seconds 
========================================================================
Received Import Request.
  Time since last request: 0.000064 seconds.
  path: Assets/FBX_safetyGear_pack/glasses_NM.jpg
  artifactKey: Guid(61a016de63170490085a2ca1c8498b33) Importer(815301076,1909f56bfc062723c751e8b465ee728b)
Start importing Assets/FBX_safetyGear_pack/glasses_NM.jpg using Guid(61a016de63170490085a2ca1c8498b33) Importer(815301076,1909f56bfc062723c751e8b465ee728b)  -> (artifact id: '6173b9d9234363d8ab5b223ac8940c87') in 0.020928 seconds 
========================================================================
Received Import Request.
  Time since last request: 0.000027 seconds.
  path: Assets/FBX_safetyGear_pack/vest_DIF.jpg
  artifactKey: Guid(56f8fcbccf9db4b60a96d5c0c8e77d26) Importer(815301076,1909f56bfc062723c751e8b465ee728b)
Start importing Assets/FBX_safetyGear_pack/vest_DIF.jpg using Guid(56f8fcbccf9db4b60a96d5c0c8e77d26) Importer(815301076,1909f56bfc062723c751e8b465ee728b)  -> (artifact id: '01fd520d7233017ddd2ca2414658744a') in 0.021063 seconds 
========================================================================
Received Import Request.
  Time since last request: 0.000035 seconds.
  path: Assets/FBX_safetyGear_pack/boot_Oliver_NM.jpg
  artifactKey: Guid(3f4862c2b17ee41238158765855396cf) Importer(815301076,1909f56bfc062723c751e8b465ee728b)
Start importing Assets/FBX_safetyGear_pack/boot_Oliver_NM.jpg using Guid(3f4862c2b17ee41238158765855396cf) Importer(815301076,1909f56bfc062723c751e8b465ee728b)  -> (artifact id: 'f56609946a5a0803ce35f3972bb3c7c5') in 0.029737 seconds 
========================================================================
Received Import Request.
  Time since last request: 0.000051 seconds.
  path: Assets/FBX_safetyGear_pack/MSA_Hardhat_NM.jpg
  artifactKey: Guid(3986b2dc28d8d44c5b8f0b8a1d99549b) Importer(815301076,1909f56bfc062723c751e8b465ee728b)
Start importing Assets/FBX_safetyGear_pack/MSA_Hardhat_NM.jpg using Guid(3986b2dc28d8d44c5b8f0b8a1d99549b) Importer(815301076,1909f56bfc062723c751e8b465ee728b)  -> (artifact id: '05cc6a777833f7d671eb38859700d0dd') in 0.021702 seconds 
